{"E:\\Projects\\mern-ds-technical-test\\server\\index.js": {"path":"E:\\Projects\\mern-ds-technical-test\\server\\index.js","statementMap":{"0":{"start":{"line":1,"column":16},"end":{"line":1,"column":34}},"1":{"start":{"line":2,"column":17},"end":{"line":2,"column":36}},"2":{"start":{"line":3,"column":13},"end":{"line":3,"column":37}},"3":{"start":{"line":4,"column":23},"end":{"line":4,"column":51}},"4":{"start":{"line":5,"column":20},"end":{"line":5,"column":45}},"5":{"start":{"line":6,"column":22},"end":{"line":6,"column":49}},"6":{"start":{"line":7,"column":17},"end":{"line":7,"column":51}},"7":{"start":{"line":8,"column":13},"end":{"line":8,"column":28}},"8":{"start":{"line":10,"column":0},"end":{"line":10,"column":27}},"9":{"start":{"line":12,"column":12},"end":{"line":12,"column":21}},"10":{"start":{"line":13,"column":13},"end":{"line":13,"column":37}},"11":{"start":{"line":14,"column":23},"end":{"line":14,"column":76}},"12":{"start":{"line":16,"column":0},"end":{"line":16,"column":40}},"13":{"start":{"line":18,"column":0},"end":{"line":18,"column":24}},"14":{"start":{"line":20,"column":0},"end":{"line":20,"column":22}},"15":{"start":{"line":21,"column":0},"end":{"line":21,"column":36}},"16":{"start":{"line":22,"column":0},"end":{"line":22,"column":30}},"17":{"start":{"line":23,"column":0},"end":{"line":23,"column":34}},"18":{"start":{"line":26,"column":0},"end":{"line":33,"column":68}},"19":{"start":{"line":32,"column":14},"end":{"line":32,"column":60}},"20":{"start":{"line":33,"column":16},"end":{"line":33,"column":66}},"21":{"start":{"line":35,"column":0},"end":{"line":35,"column":18}},"22":{"start":{"line":37,"column":0},"end":{"line":39,"column":2}},"23":{"start":{"line":38,"column":2},"end":{"line":38,"column":48}},"24":{"start":{"line":41,"column":0},"end":{"line":41,"column":21}}},"fnMap":{"0":{"name":"(anonymous_0)","decl":{"start":{"line":32,"column":8},"end":{"line":32,"column":9}},"loc":{"start":{"line":32,"column":14},"end":{"line":32,"column":60}},"line":32},"1":{"name":"(anonymous_1)","decl":{"start":{"line":33,"column":9},"end":{"line":33,"column":10}},"loc":{"start":{"line":33,"column":16},"end":{"line":33,"column":66}},"line":33},"2":{"name":"(anonymous_2)","decl":{"start":{"line":37,"column":17},"end":{"line":37,"column":18}},"loc":{"start":{"line":37,"column":23},"end":{"line":39,"column":1}},"line":37}},"branchMap":{"0":{"loc":{"start":{"line":13,"column":13},"end":{"line":13,"column":37}},"type":"binary-expr","locations":[{"start":{"line":13,"column":13},"end":{"line":13,"column":29}},{"start":{"line":13,"column":33},"end":{"line":13,"column":37}}],"line":13},"1":{"loc":{"start":{"line":14,"column":23},"end":{"line":14,"column":76}},"type":"binary-expr","locations":[{"start":{"line":14,"column":23},"end":{"line":14,"column":49}},{"start":{"line":14,"column":53},"end":{"line":14,"column":76}}],"line":14}},"s":{"0":1,"1":1,"2":1,"3":1,"4":1,"5":1,"6":1,"7":1,"8":1,"9":1,"10":1,"11":1,"12":1,"13":1,"14":1,"15":1,"16":1,"17":1,"18":1,"19":1,"20":0,"21":1,"22":1,"23":1,"24":1},"f":{"0":1,"1":0,"2":1},"b":{"0":[1,1],"1":[1,1]},"_coverageSchema":"1a1c01bbd47fc00a2c39e90264f33305004495a9","hash":"4d627138ad8fb565172e144e515165eb656caed2"}
,"E:\\Projects\\mern-ds-technical-test\\server\\controllers\\category\\index.js": {"path":"E:\\Projects\\mern-ds-technical-test\\server\\controllers\\category\\index.js","statementMap":{"0":{"start":{"line":1,"column":20},"end":{"line":1,"column":55}},"1":{"start":{"line":3,"column":27},"end":{"line":51,"column":1}},"2":{"start":{"line":5,"column":4},"end":{"line":10,"column":5}},"3":{"start":{"line":6,"column":25},"end":{"line":6,"column":49}},"4":{"start":{"line":7,"column":6},"end":{"line":7,"column":27}},"5":{"start":{"line":9,"column":6},"end":{"line":9,"column":34}},"6":{"start":{"line":13,"column":4},"end":{"line":19,"column":5}},"7":{"start":{"line":14,"column":21},"end":{"line":14,"column":31}},"8":{"start":{"line":15,"column":23},"end":{"line":15,"column":53}},"9":{"start":{"line":16,"column":6},"end":{"line":16,"column":25}},"10":{"start":{"line":18,"column":6},"end":{"line":18,"column":34}},"11":{"start":{"line":22,"column":4},"end":{"line":30,"column":5}},"12":{"start":{"line":23,"column":48},"end":{"line":23,"column":56}},"13":{"start":{"line":24,"column":23},"end":{"line":24,"column":73}},"14":{"start":{"line":25,"column":6},"end":{"line":25,"column":28}},"15":{"start":{"line":26,"column":6},"end":{"line":26,"column":46}},"16":{"start":{"line":28,"column":6},"end":{"line":28,"column":25}},"17":{"start":{"line":29,"column":6},"end":{"line":29,"column":34}},"18":{"start":{"line":33,"column":4},"end":{"line":40,"column":5}},"19":{"start":{"line":34,"column":21},"end":{"line":34,"column":31}},"20":{"start":{"line":35,"column":48},"end":{"line":35,"column":56}},"21":{"start":{"line":36,"column":23},"end":{"line":36,"column":97}},"22":{"start":{"line":37,"column":6},"end":{"line":37,"column":37}},"23":{"start":{"line":39,"column":6},"end":{"line":39,"column":34}},"24":{"start":{"line":43,"column":4},"end":{"line":49,"column":5}},"25":{"start":{"line":44,"column":21},"end":{"line":44,"column":31}},"26":{"start":{"line":45,"column":6},"end":{"line":45,"column":46}},"27":{"start":{"line":46,"column":6},"end":{"line":46,"column":46}},"28":{"start":{"line":48,"column":6},"end":{"line":48,"column":34}},"29":{"start":{"line":53,"column":0},"end":{"line":53,"column":36}}},"fnMap":{"0":{"name":"(anonymous_0)","decl":{"start":{"line":4,"column":17},"end":{"line":4,"column":18}},"loc":{"start":{"line":4,"column":37},"end":{"line":11,"column":3}},"line":4},"1":{"name":"(anonymous_1)","decl":{"start":{"line":12,"column":19},"end":{"line":12,"column":20}},"loc":{"start":{"line":12,"column":39},"end":{"line":20,"column":3}},"line":12},"2":{"name":"(anonymous_2)","decl":{"start":{"line":21,"column":18},"end":{"line":21,"column":19}},"loc":{"start":{"line":21,"column":38},"end":{"line":31,"column":3}},"line":21},"3":{"name":"(anonymous_3)","decl":{"start":{"line":32,"column":18},"end":{"line":32,"column":19}},"loc":{"start":{"line":32,"column":38},"end":{"line":41,"column":3}},"line":32},"4":{"name":"(anonymous_4)","decl":{"start":{"line":42,"column":18},"end":{"line":42,"column":19}},"loc":{"start":{"line":42,"column":38},"end":{"line":50,"column":3}},"line":42}},"branchMap":{},"s":{"0":1,"1":1,"2":1,"3":1,"4":1,"5":0,"6":1,"7":1,"8":1,"9":1,"10":0,"11":1,"12":1,"13":1,"14":1,"15":1,"16":0,"17":0,"18":1,"19":1,"20":1,"21":1,"22":1,"23":0,"24":1,"25":1,"26":1,"27":1,"28":0,"29":1},"f":{"0":1,"1":1,"2":1,"3":1,"4":1},"b":{},"_coverageSchema":"1a1c01bbd47fc00a2c39e90264f33305004495a9","hash":"63366500c619971a599fd2ba27eb0fe63c24cbee"}
,"E:\\Projects\\mern-ds-technical-test\\server\\controllers\\content\\index.js": {"path":"E:\\Projects\\mern-ds-technical-test\\server\\controllers\\content\\index.js","statementMap":{"0":{"start":{"line":1,"column":16},"end":{"line":1,"column":47}},"1":{"start":{"line":2,"column":14},"end":{"line":2,"column":43}},"2":{"start":{"line":3,"column":14},"end":{"line":3,"column":42}},"3":{"start":{"line":5,"column":26},"end":{"line":98,"column":1}},"4":{"start":{"line":7,"column":4},"end":{"line":36,"column":5}},"5":{"start":{"line":8,"column":28},"end":{"line":8,"column":37}},"6":{"start":{"line":9,"column":24},"end":{"line":9,"column":33}},"7":{"start":{"line":11,"column":6},"end":{"line":13,"column":7}},"8":{"start":{"line":12,"column":8},"end":{"line":12,"column":91}},"9":{"start":{"line":14,"column":6},"end":{"line":32,"column":7}},"10":{"start":{"line":15,"column":25},"end":{"line":15,"column":77}},"11":{"start":{"line":16,"column":8},"end":{"line":16,"column":39}},"12":{"start":{"line":17,"column":13},"end":{"line":32,"column":7}},"13":{"start":{"line":18,"column":26},"end":{"line":18,"column":66}},"14":{"start":{"line":19,"column":8},"end":{"line":22,"column":9}},"15":{"start":{"line":20,"column":10},"end":{"line":20,"column":63}},"16":{"start":{"line":21,"column":10},"end":{"line":21,"column":17}},"17":{"start":{"line":23,"column":8},"end":{"line":23,"column":88}},"18":{"start":{"line":24,"column":28},"end":{"line":24,"column":117}},"19":{"start":{"line":25,"column":28},"end":{"line":25,"column":117}},"20":{"start":{"line":26,"column":26},"end":{"line":26,"column":114}},"21":{"start":{"line":27,"column":22},"end":{"line":27,"column":83}},"22":{"start":{"line":28,"column":8},"end":{"line":28,"column":50}},"23":{"start":{"line":30,"column":25},"end":{"line":30,"column":45}},"24":{"start":{"line":31,"column":8},"end":{"line":31,"column":43}},"25":{"start":{"line":34,"column":6},"end":{"line":34,"column":27}},"26":{"start":{"line":35,"column":6},"end":{"line":35,"column":34}},"27":{"start":{"line":39,"column":4},"end":{"line":45,"column":5}},"28":{"start":{"line":40,"column":21},"end":{"line":40,"column":31}},"29":{"start":{"line":41,"column":22},"end":{"line":41,"column":48}},"30":{"start":{"line":42,"column":6},"end":{"line":42,"column":24}},"31":{"start":{"line":44,"column":6},"end":{"line":44,"column":34}},"32":{"start":{"line":48,"column":4},"end":{"line":55,"column":5}},"33":{"start":{"line":49,"column":24},"end":{"line":49,"column":34}},"34":{"start":{"line":50,"column":22},"end":{"line":50,"column":54}},"35":{"start":{"line":51,"column":6},"end":{"line":51,"column":24}},"36":{"start":{"line":53,"column":6},"end":{"line":53,"column":25}},"37":{"start":{"line":54,"column":6},"end":{"line":54,"column":34}},"38":{"start":{"line":59,"column":4},"end":{"line":71,"column":5}},"39":{"start":{"line":60,"column":6},"end":{"line":60,"column":27}},"40":{"start":{"line":61,"column":65},"end":{"line":61,"column":73}},"41":{"start":{"line":62,"column":17},"end":{"line":62,"column":78}},"42":{"start":{"line":63,"column":25},"end":{"line":63,"column":53}},"43":{"start":{"line":64,"column":25},"end":{"line":64,"column":35}},"44":{"start":{"line":65,"column":22},"end":{"line":65,"column":99}},"45":{"start":{"line":66,"column":6},"end":{"line":66,"column":27}},"46":{"start":{"line":67,"column":6},"end":{"line":67,"column":46}},"47":{"start":{"line":69,"column":6},"end":{"line":69,"column":25}},"48":{"start":{"line":70,"column":6},"end":{"line":70,"column":34}},"49":{"start":{"line":74,"column":4},"end":{"line":87,"column":5}},"50":{"start":{"line":75,"column":21},"end":{"line":75,"column":31}},"51":{"start":{"line":76,"column":33},"end":{"line":76,"column":41}},"52":{"start":{"line":77,"column":24},"end":{"line":77,"column":51}},"53":{"start":{"line":79,"column":6},"end":{"line":83,"column":7}},"54":{"start":{"line":80,"column":8},"end":{"line":80,"column":102}},"55":{"start":{"line":82,"column":8},"end":{"line":82,"column":84}},"56":{"start":{"line":84,"column":6},"end":{"line":84,"column":39}},"57":{"start":{"line":86,"column":6},"end":{"line":86,"column":34}},"58":{"start":{"line":90,"column":4},"end":{"line":96,"column":5}},"59":{"start":{"line":91,"column":21},"end":{"line":91,"column":31}},"60":{"start":{"line":92,"column":6},"end":{"line":92,"column":42}},"61":{"start":{"line":93,"column":6},"end":{"line":93,"column":46}},"62":{"start":{"line":95,"column":6},"end":{"line":95,"column":34}},"63":{"start":{"line":100,"column":0},"end":{"line":100,"column":35}}},"fnMap":{"0":{"name":"(anonymous_0)","decl":{"start":{"line":6,"column":15},"end":{"line":6,"column":16}},"loc":{"start":{"line":6,"column":35},"end":{"line":37,"column":3}},"line":6},"1":{"name":"(anonymous_1)","decl":{"start":{"line":38,"column":18},"end":{"line":38,"column":19}},"loc":{"start":{"line":38,"column":38},"end":{"line":46,"column":3}},"line":38},"2":{"name":"(anonymous_2)","decl":{"start":{"line":47,"column":21},"end":{"line":47,"column":22}},"loc":{"start":{"line":47,"column":41},"end":{"line":56,"column":3}},"line":47},"3":{"name":"(anonymous_3)","decl":{"start":{"line":58,"column":17},"end":{"line":58,"column":18}},"loc":{"start":{"line":58,"column":37},"end":{"line":72,"column":3}},"line":58},"4":{"name":"(anonymous_4)","decl":{"start":{"line":73,"column":17},"end":{"line":73,"column":18}},"loc":{"start":{"line":73,"column":73},"end":{"line":88,"column":3}},"line":73},"5":{"name":"(anonymous_5)","decl":{"start":{"line":89,"column":17},"end":{"line":89,"column":18}},"loc":{"start":{"line":89,"column":37},"end":{"line":97,"column":3}},"line":89}},"branchMap":{"0":{"loc":{"start":{"line":11,"column":6},"end":{"line":13,"column":7}},"type":"if","locations":[{"start":{"line":11,"column":6},"end":{"line":13,"column":7}},{"start":{},"end":{}}],"line":11},"1":{"loc":{"start":{"line":11,"column":9},"end":{"line":11,"column":27}},"type":"binary-expr","locations":[{"start":{"line":11,"column":9},"end":{"line":11,"column":14}},{"start":{"line":11,"column":18},"end":{"line":11,"column":27}}],"line":11},"2":{"loc":{"start":{"line":14,"column":6},"end":{"line":32,"column":7}},"type":"if","locations":[{"start":{"line":14,"column":6},"end":{"line":32,"column":7}},{"start":{"line":17,"column":13},"end":{"line":32,"column":7}}],"line":14},"3":{"loc":{"start":{"line":17,"column":13},"end":{"line":32,"column":7}},"type":"if","locations":[{"start":{"line":17,"column":13},"end":{"line":32,"column":7}},{"start":{"line":29,"column":13},"end":{"line":32,"column":7}}],"line":17},"4":{"loc":{"start":{"line":19,"column":8},"end":{"line":22,"column":9}},"type":"if","locations":[{"start":{"line":19,"column":8},"end":{"line":22,"column":9}},{"start":{},"end":{}}],"line":19},"5":{"loc":{"start":{"line":62,"column":17},"end":{"line":62,"column":78}},"type":"cond-expr","locations":[{"start":{"line":62,"column":28},"end":{"line":62,"column":62}},{"start":{"line":62,"column":65},"end":{"line":62,"column":78}}],"line":62},"6":{"loc":{"start":{"line":73,"column":34},"end":{"line":73,"column":68}},"type":"default-arg","locations":[{"start":{"line":73,"column":47},"end":{"line":73,"column":68}}],"line":73},"7":{"loc":{"start":{"line":77,"column":24},"end":{"line":77,"column":51}},"type":"binary-expr","locations":[{"start":{"line":77,"column":24},"end":{"line":77,"column":37}},{"start":{"line":77,"column":41},"end":{"line":77,"column":51}}],"line":77},"8":{"loc":{"start":{"line":79,"column":6},"end":{"line":83,"column":7}},"type":"if","locations":[{"start":{"line":79,"column":6},"end":{"line":83,"column":7}},{"start":{"line":81,"column":13},"end":{"line":83,"column":7}}],"line":79}},"s":{"0":1,"1":1,"2":1,"3":1,"4":0,"5":0,"6":0,"7":0,"8":0,"9":0,"10":0,"11":0,"12":0,"13":0,"14":0,"15":0,"16":0,"17":0,"18":0,"19":0,"20":0,"21":0,"22":0,"23":0,"24":0,"25":0,"26":0,"27":0,"28":0,"29":0,"30":0,"31":0,"32":0,"33":0,"34":0,"35":0,"36":0,"37":0,"38":0,"39":0,"40":0,"41":0,"42":0,"43":0,"44":0,"45":0,"46":0,"47":0,"48":0,"49":0,"50":0,"51":0,"52":0,"53":0,"54":0,"55":0,"56":0,"57":0,"58":0,"59":0,"60":0,"61":0,"62":0,"63":1},"f":{"0":0,"1":0,"2":0,"3":0,"4":0,"5":0},"b":{"0":[0,0],"1":[0,0],"2":[0,0],"3":[0,0],"4":[0,0],"5":[0,0],"6":[0],"7":[0,0],"8":[0,0]},"_coverageSchema":"1a1c01bbd47fc00a2c39e90264f33305004495a9","hash":"86b2acbd33a11d1f4e2c16464a3c8ab20c804297"}
,"E:\\Projects\\mern-ds-technical-test\\server\\controllers\\topic\\index.js": {"path":"E:\\Projects\\mern-ds-technical-test\\server\\controllers\\topic\\index.js","statementMap":{"0":{"start":{"line":1,"column":14},"end":{"line":1,"column":43}},"1":{"start":{"line":3,"column":24},"end":{"line":73,"column":1}},"2":{"start":{"line":5,"column":4},"end":{"line":19,"column":5}},"3":{"start":{"line":6,"column":6},"end":{"line":15,"column":7}},"4":{"start":{"line":7,"column":25},"end":{"line":7,"column":34}},"5":{"start":{"line":8,"column":8},"end":{"line":8,"column":28}},"6":{"start":{"line":9,"column":22},"end":{"line":9,"column":95}},"7":{"start":{"line":10,"column":8},"end":{"line":10,"column":27}},"8":{"start":{"line":11,"column":8},"end":{"line":11,"column":24}},"9":{"start":{"line":13,"column":23},"end":{"line":13,"column":66}},"10":{"start":{"line":14,"column":8},"end":{"line":14,"column":25}},"11":{"start":{"line":17,"column":6},"end":{"line":17,"column":25}},"12":{"start":{"line":18,"column":6},"end":{"line":18,"column":34}},"13":{"start":{"line":23,"column":4},"end":{"line":29,"column":5}},"14":{"start":{"line":24,"column":23},"end":{"line":24,"column":33}},"15":{"start":{"line":25,"column":20},"end":{"line":25,"column":72}},"16":{"start":{"line":26,"column":6},"end":{"line":26,"column":22}},"17":{"start":{"line":28,"column":6},"end":{"line":28,"column":34}},"18":{"start":{"line":33,"column":4},"end":{"line":39,"column":5}},"19":{"start":{"line":34,"column":21},"end":{"line":34,"column":31}},"20":{"start":{"line":35,"column":20},"end":{"line":35,"column":69}},"21":{"start":{"line":36,"column":6},"end":{"line":36,"column":22}},"22":{"start":{"line":38,"column":6},"end":{"line":38,"column":34}},"23":{"start":{"line":42,"column":4},"end":{"line":52,"column":5}},"24":{"start":{"line":43,"column":62},"end":{"line":43,"column":70}},"25":{"start":{"line":44,"column":25},"end":{"line":44,"column":59}},"26":{"start":{"line":45,"column":32},"end":{"line":45,"column":55}},"27":{"start":{"line":46,"column":20},"end":{"line":46,"column":99}},"28":{"start":{"line":47,"column":6},"end":{"line":47,"column":25}},"29":{"start":{"line":48,"column":6},"end":{"line":48,"column":46}},"30":{"start":{"line":50,"column":6},"end":{"line":50,"column":25}},"31":{"start":{"line":51,"column":6},"end":{"line":51,"column":34}},"32":{"start":{"line":55,"column":4},"end":{"line":62,"column":5}},"33":{"start":{"line":56,"column":21},"end":{"line":56,"column":31}},"34":{"start":{"line":57,"column":62},"end":{"line":57,"column":70}},"35":{"start":{"line":58,"column":20},"end":{"line":58,"column":102}},"36":{"start":{"line":59,"column":6},"end":{"line":59,"column":34}},"37":{"start":{"line":61,"column":6},"end":{"line":61,"column":34}},"38":{"start":{"line":65,"column":4},"end":{"line":71,"column":5}},"39":{"start":{"line":66,"column":21},"end":{"line":66,"column":31}},"40":{"start":{"line":67,"column":6},"end":{"line":67,"column":40}},"41":{"start":{"line":68,"column":6},"end":{"line":68,"column":46}},"42":{"start":{"line":70,"column":6},"end":{"line":70,"column":34}},"43":{"start":{"line":75,"column":0},"end":{"line":75,"column":33}}},"fnMap":{"0":{"name":"(anonymous_0)","decl":{"start":{"line":4,"column":13},"end":{"line":4,"column":14}},"loc":{"start":{"line":4,"column":33},"end":{"line":20,"column":3}},"line":4},"1":{"name":"(anonymous_1)","decl":{"start":{"line":22,"column":18},"end":{"line":22,"column":19}},"loc":{"start":{"line":22,"column":38},"end":{"line":30,"column":3}},"line":22},"2":{"name":"(anonymous_2)","decl":{"start":{"line":32,"column":16},"end":{"line":32,"column":17}},"loc":{"start":{"line":32,"column":36},"end":{"line":40,"column":3}},"line":32},"3":{"name":"(anonymous_3)","decl":{"start":{"line":41,"column":15},"end":{"line":41,"column":16}},"loc":{"start":{"line":41,"column":36},"end":{"line":53,"column":3}},"line":41},"4":{"name":"(anonymous_4)","decl":{"start":{"line":54,"column":15},"end":{"line":54,"column":16}},"loc":{"start":{"line":54,"column":35},"end":{"line":63,"column":3}},"line":54},"5":{"name":"(anonymous_5)","decl":{"start":{"line":64,"column":15},"end":{"line":64,"column":16}},"loc":{"start":{"line":64,"column":35},"end":{"line":72,"column":3}},"line":64}},"branchMap":{"0":{"loc":{"start":{"line":6,"column":6},"end":{"line":15,"column":7}},"type":"if","locations":[{"start":{"line":6,"column":6},"end":{"line":15,"column":7}},{"start":{"line":12,"column":11},"end":{"line":15,"column":7}}],"line":6}},"s":{"0":1,"1":1,"2":0,"3":0,"4":0,"5":0,"6":0,"7":0,"8":0,"9":0,"10":0,"11":0,"12":0,"13":0,"14":0,"15":0,"16":0,"17":0,"18":0,"19":0,"20":0,"21":0,"22":0,"23":0,"24":0,"25":0,"26":0,"27":0,"28":0,"29":0,"30":0,"31":0,"32":0,"33":0,"34":0,"35":0,"36":0,"37":0,"38":0,"39":0,"40":0,"41":0,"42":0,"43":1},"f":{"0":0,"1":0,"2":0,"3":0,"4":0,"5":0},"b":{"0":[0,0]},"_coverageSchema":"1a1c01bbd47fc00a2c39e90264f33305004495a9","hash":"e88f45e59cd6ac44704b6d82ea3a66af2f3efce4"}
,"E:\\Projects\\mern-ds-technical-test\\server\\controllers\\user\\constants.js": {"path":"E:\\Projects\\mern-ds-technical-test\\server\\controllers\\user\\constants.js","statementMap":{"0":{"start":{"line":1,"column":24},"end":{"line":1,"column":26}},"1":{"start":{"line":3,"column":0},"end":{"line":5,"column":2}}},"fnMap":{},"branchMap":{},"s":{"0":1,"1":1},"f":{},"b":{},"_coverageSchema":"1a1c01bbd47fc00a2c39e90264f33305004495a9","hash":"c193eb3dd89b492e0f863d6c758c466be2e5d2fd"}
,"E:\\Projects\\mern-ds-technical-test\\server\\controllers\\user\\index.js": {"path":"E:\\Projects\\mern-ds-technical-test\\server\\controllers\\user\\index.js","statementMap":{"0":{"start":{"line":1,"column":21},"end":{"line":1,"column":57}},"1":{"start":{"line":2,"column":13},"end":{"line":2,"column":41}},"2":{"start":{"line":3,"column":14},"end":{"line":3,"column":42}},"3":{"start":{"line":4,"column":28},"end":{"line":4,"column":50}},"4":{"start":{"line":5,"column":15},"end":{"line":5,"column":34}},"5":{"start":{"line":7,"column":24},"end":{"line":11,"column":1}},"6":{"start":{"line":8,"column":15},"end":{"line":8,"column":52}},"7":{"start":{"line":9,"column":15},"end":{"line":9,"column":48}},"8":{"start":{"line":10,"column":2},"end":{"line":10,"column":14}},"9":{"start":{"line":13,"column":23},"end":{"line":39,"column":1}},"10":{"start":{"line":15,"column":4},"end":{"line":25,"column":5}},"11":{"start":{"line":16,"column":6},"end":{"line":16,"column":44}},"12":{"start":{"line":17,"column":50},"end":{"line":17,"column":58}},"13":{"start":{"line":18,"column":32},"end":{"line":18,"column":63}},"14":{"start":{"line":19,"column":19},"end":{"line":19,"column":82}},"15":{"start":{"line":20,"column":6},"end":{"line":20,"column":24}},"16":{"start":{"line":21,"column":23},"end":{"line":21,"column":38}},"17":{"start":{"line":22,"column":6},"end":{"line":22,"column":61}},"18":{"start":{"line":24,"column":6},"end":{"line":24,"column":41}},"19":{"start":{"line":28,"column":4},"end":{"line":37,"column":5}},"20":{"start":{"line":29,"column":37},"end":{"line":29,"column":45}},"21":{"start":{"line":30,"column":19},"end":{"line":30,"column":51}},"22":{"start":{"line":31,"column":6},"end":{"line":31,"column":117}},"23":{"start":{"line":31,"column":17},"end":{"line":31,"column":117}},"24":{"start":{"line":32,"column":28},"end":{"line":32,"column":73}},"25":{"start":{"line":33,"column":23},"end":{"line":33,"column":38}},"26":{"start":{"line":34,"column":6},"end":{"line":34,"column":46}},"27":{"start":{"line":36,"column":6},"end":{"line":36,"column":34}},"28":{"start":{"line":41,"column":0},"end":{"line":41,"column":32}}},"fnMap":{"0":{"name":"(anonymous_0)","decl":{"start":{"line":7,"column":24},"end":{"line":7,"column":25}},"loc":{"start":{"line":7,"column":44},"end":{"line":11,"column":1}},"line":7},"1":{"name":"(anonymous_1)","decl":{"start":{"line":14,"column":12},"end":{"line":14,"column":13}},"loc":{"start":{"line":14,"column":32},"end":{"line":26,"column":3}},"line":14},"2":{"name":"(anonymous_2)","decl":{"start":{"line":27,"column":9},"end":{"line":27,"column":10}},"loc":{"start":{"line":27,"column":29},"end":{"line":38,"column":3}},"line":27}},"branchMap":{"0":{"loc":{"start":{"line":31,"column":6},"end":{"line":31,"column":117}},"type":"if","locations":[{"start":{"line":31,"column":6},"end":{"line":31,"column":117}},{"start":{},"end":{}}],"line":31}},"s":{"0":1,"1":1,"2":1,"3":1,"4":1,"5":1,"6":0,"7":0,"8":0,"9":1,"10":0,"11":0,"12":0,"13":0,"14":0,"15":0,"16":0,"17":0,"18":0,"19":0,"20":0,"21":0,"22":0,"23":0,"24":0,"25":0,"26":0,"27":0,"28":1},"f":{"0":0,"1":0,"2":0},"b":{"0":[0,0]},"_coverageSchema":"1a1c01bbd47fc00a2c39e90264f33305004495a9","hash":"b9cb2a1e5f2a9e7aa161469ad150f2e7587f8bcd"}
,"E:\\Projects\\mern-ds-technical-test\\server\\middlewares\\not-found.js": {"path":"E:\\Projects\\mern-ds-technical-test\\server\\middlewares\\not-found.js","statementMap":{"0":{"start":{"line":1,"column":17},"end":{"line":5,"column":1}},"1":{"start":{"line":2,"column":16},"end":{"line":2,"column":38}},"2":{"start":{"line":3,"column":2},"end":{"line":3,"column":21}},"3":{"start":{"line":4,"column":2},"end":{"line":4,"column":14}},"4":{"start":{"line":7,"column":0},"end":{"line":7,"column":26}}},"fnMap":{"0":{"name":"(anonymous_0)","decl":{"start":{"line":1,"column":17},"end":{"line":1,"column":18}},"loc":{"start":{"line":1,"column":37},"end":{"line":5,"column":1}},"line":1}},"branchMap":{},"s":{"0":1,"1":0,"2":0,"3":0,"4":1},"f":{"0":0},"b":{},"_coverageSchema":"1a1c01bbd47fc00a2c39e90264f33305004495a9","hash":"931252e9edf8a672b3fbf2be15dea8b4d146ff31"}
,"E:\\Projects\\mern-ds-technical-test\\server\\models\\Content.js": {"path":"E:\\Projects\\mern-ds-technical-test\\server\\models\\Content.js","statementMap":{"0":{"start":{"line":1,"column":17},"end":{"line":1,"column":36}},"1":{"start":{"line":2,"column":18},"end":{"line":2,"column":47}},"2":{"start":{"line":3,"column":23},"end":{"line":3,"column":49}},"3":{"start":{"line":5,"column":22},"end":{"line":55,"column":2}},"4":{"start":{"line":57,"column":0},"end":{"line":57,"column":32}},"5":{"start":{"line":58,"column":0},"end":{"line":58,"column":65}},"6":{"start":{"line":60,"column":16},"end":{"line":60,"column":56}},"7":{"start":{"line":62,"column":0},"end":{"line":62,"column":25}}},"fnMap":{},"branchMap":{},"s":{"0":1,"1":1,"2":1,"3":1,"4":1,"5":1,"6":1,"7":1},"f":{},"b":{},"_coverageSchema":"1a1c01bbd47fc00a2c39e90264f33305004495a9","hash":"bfa0a09a07211f1460ffd3cafb26bc84ec890863"}
,"E:\\Projects\\mern-ds-technical-test\\server\\models\\ContentType.js": {"path":"E:\\Projects\\mern-ds-technical-test\\server\\models\\ContentType.js","statementMap":{"0":{"start":{"line":1,"column":17},"end":{"line":1,"column":36}},"1":{"start":{"line":2,"column":18},"end":{"line":2,"column":47}},"2":{"start":{"line":4,"column":26},"end":{"line":41,"column":2}},"3":{"start":{"line":43,"column":0},"end":{"line":43,"column":36}},"4":{"start":{"line":45,"column":20},"end":{"line":45,"column":68}},"5":{"start":{"line":47,"column":0},"end":{"line":47,"column":29}}},"fnMap":{},"branchMap":{},"s":{"0":1,"1":1,"2":1,"3":1,"4":1,"5":1},"f":{},"b":{},"_coverageSchema":"1a1c01bbd47fc00a2c39e90264f33305004495a9","hash":"abba829a2ea1c873d95e4654258984e8f43f6110"}
,"E:\\Projects\\mern-ds-technical-test\\server\\models\\Topic.js": {"path":"E:\\Projects\\mern-ds-technical-test\\server\\models\\Topic.js","statementMap":{"0":{"start":{"line":1,"column":17},"end":{"line":1,"column":36}},"1":{"start":{"line":2,"column":18},"end":{"line":2,"column":47}},"2":{"start":{"line":4,"column":20},"end":{"line":37,"column":2}},"3":{"start":{"line":39,"column":0},"end":{"line":39,"column":30}},"4":{"start":{"line":41,"column":14},"end":{"line":41,"column":50}},"5":{"start":{"line":42,"column":0},"end":{"line":42,"column":23}}},"fnMap":{},"branchMap":{},"s":{"0":1,"1":1,"2":1,"3":1,"4":1,"5":1},"f":{},"b":{},"_coverageSchema":"1a1c01bbd47fc00a2c39e90264f33305004495a9","hash":"238b6d145590f2b52c8c51db6303738fea8f93d1"}
,"E:\\Projects\\mern-ds-technical-test\\server\\models\\User.js": {"path":"E:\\Projects\\mern-ds-technical-test\\server\\models\\User.js","statementMap":{"0":{"start":{"line":1,"column":17},"end":{"line":1,"column":36}},"1":{"start":{"line":2,"column":18},"end":{"line":2,"column":47}},"2":{"start":{"line":3,"column":15},"end":{"line":3,"column":34}},"3":{"start":{"line":4,"column":12},"end":{"line":4,"column":35}},"4":{"start":{"line":6,"column":19},"end":{"line":27,"column":2}},"5":{"start":{"line":29,"column":0},"end":{"line":29,"column":29}},"6":{"start":{"line":31,"column":0},"end":{"line":41,"column":1}},"7":{"start":{"line":32,"column":15},"end":{"line":32,"column":44}},"8":{"start":{"line":33,"column":2},"end":{"line":35,"column":3}},"9":{"start":{"line":34,"column":4},"end":{"line":34,"column":38}},"10":{"start":{"line":36,"column":24},"end":{"line":36,"column":69}},"11":{"start":{"line":37,"column":2},"end":{"line":39,"column":3}},"12":{"start":{"line":38,"column":4},"end":{"line":38,"column":48}},"13":{"start":{"line":40,"column":2},"end":{"line":40,"column":14}},"14":{"start":{"line":44,"column":13},"end":{"line":44,"column":47}},"15":{"start":{"line":46,"column":0},"end":{"line":46,"column":22}}},"fnMap":{"0":{"name":"(anonymous_0)","decl":{"start":{"line":31,"column":39},"end":{"line":31,"column":40}},"loc":{"start":{"line":31,"column":66},"end":{"line":41,"column":1}},"line":31}},"branchMap":{"0":{"loc":{"start":{"line":33,"column":2},"end":{"line":35,"column":3}},"type":"if","locations":[{"start":{"line":33,"column":2},"end":{"line":35,"column":3}},{"start":{},"end":{}}],"line":33},"1":{"loc":{"start":{"line":37,"column":2},"end":{"line":39,"column":3}},"type":"if","locations":[{"start":{"line":37,"column":2},"end":{"line":39,"column":3}},{"start":{},"end":{}}],"line":37}},"s":{"0":1,"1":1,"2":1,"3":1,"4":1,"5":1,"6":1,"7":0,"8":0,"9":0,"10":0,"11":0,"12":0,"13":0,"14":1,"15":1},"f":{"0":0},"b":{"0":[0,0],"1":[0,0]},"_coverageSchema":"1a1c01bbd47fc00a2c39e90264f33305004495a9","hash":"280b9be9b537552f88835bd9c09b62dc55103bce"}
,"E:\\Projects\\mern-ds-technical-test\\server\\routes\\auth\\index.js": {"path":"E:\\Projects\\mern-ds-technical-test\\server\\routes\\auth\\index.js","statementMap":{"0":{"start":{"line":1,"column":16},"end":{"line":1,"column":34}},"1":{"start":{"line":2,"column":15},"end":{"line":2,"column":31}},"2":{"start":{"line":3,"column":23},"end":{"line":3,"column":56}},"3":{"start":{"line":4,"column":21},"end":{"line":4,"column":57}},"4":{"start":{"line":6,"column":0},"end":{"line":6,"column":50}},"5":{"start":{"line":7,"column":0},"end":{"line":7,"column":44}},"6":{"start":{"line":9,"column":0},"end":{"line":9,"column":25}},"7":{"start":{"line":11,"column":0},"end":{"line":11,"column":24}}},"fnMap":{},"branchMap":{},"s":{"0":1,"1":1,"2":1,"3":1,"4":1,"5":1,"6":1,"7":1},"f":{},"b":{},"_coverageSchema":"1a1c01bbd47fc00a2c39e90264f33305004495a9","hash":"14a592a1ad18229447685b1c8c312ad6f8ae92a7"}
,"E:\\Projects\\mern-ds-technical-test\\server\\routes\\category\\index.js": {"path":"E:\\Projects\\mern-ds-technical-test\\server\\routes\\category\\index.js","statementMap":{"0":{"start":{"line":1,"column":16},"end":{"line":1,"column":34}},"1":{"start":{"line":2,"column":15},"end":{"line":2,"column":31}},"2":{"start":{"line":3,"column":27},"end":{"line":3,"column":64}},"3":{"start":{"line":5,"column":0},"end":{"line":5,"column":50}},"4":{"start":{"line":7,"column":0},"end":{"line":7,"column":55}},"5":{"start":{"line":9,"column":0},"end":{"line":9,"column":52}},"6":{"start":{"line":11,"column":0},"end":{"line":11,"column":54}},"7":{"start":{"line":13,"column":0},"end":{"line":13,"column":57}},"8":{"start":{"line":15,"column":0},"end":{"line":15,"column":24}}},"fnMap":{},"branchMap":{},"s":{"0":1,"1":1,"2":1,"3":1,"4":1,"5":1,"6":1,"7":1,"8":1},"f":{},"b":{},"_coverageSchema":"1a1c01bbd47fc00a2c39e90264f33305004495a9","hash":"dd017b21aae18cfc78828d338ae6b6fd73712ec8"}
,"E:\\Projects\\mern-ds-technical-test\\server\\routes\\content\\index.js": {"path":"E:\\Projects\\mern-ds-technical-test\\server\\routes\\content\\index.js","statementMap":{"0":{"start":{"line":1,"column":16},"end":{"line":1,"column":34}},"1":{"start":{"line":2,"column":15},"end":{"line":2,"column":31}},"2":{"start":{"line":3,"column":26},"end":{"line":3,"column":62}},"3":{"start":{"line":4,"column":15},"end":{"line":4,"column":32}},"4":{"start":{"line":6,"column":16},"end":{"line":6,"column":38}},"5":{"start":{"line":7,"column":15},"end":{"line":7,"column":43}},"6":{"start":{"line":9,"column":0},"end":{"line":9,"column":47}},"7":{"start":{"line":11,"column":0},"end":{"line":11,"column":59}},"8":{"start":{"line":13,"column":0},"end":{"line":13,"column":74}},"9":{"start":{"line":15,"column":0},"end":{"line":15,"column":52}},"10":{"start":{"line":17,"column":0},"end":{"line":17,"column":55}},"11":{"start":{"line":19,"column":0},"end":{"line":19,"column":24}}},"fnMap":{},"branchMap":{},"s":{"0":1,"1":1,"2":1,"3":1,"4":1,"5":1,"6":1,"7":1,"8":1,"9":1,"10":1,"11":1},"f":{},"b":{},"_coverageSchema":"1a1c01bbd47fc00a2c39e90264f33305004495a9","hash":"8774a9f8b9cdf4342bd0c7274116155343e94267"}
,"E:\\Projects\\mern-ds-technical-test\\server\\routes\\topic\\index.js": {"path":"E:\\Projects\\mern-ds-technical-test\\server\\routes\\topic\\index.js","statementMap":{"0":{"start":{"line":1,"column":16},"end":{"line":1,"column":34}},"1":{"start":{"line":2,"column":15},"end":{"line":2,"column":31}},"2":{"start":{"line":3,"column":24},"end":{"line":3,"column":58}},"3":{"start":{"line":4,"column":15},"end":{"line":4,"column":32}},"4":{"start":{"line":6,"column":16},"end":{"line":6,"column":38}},"5":{"start":{"line":7,"column":15},"end":{"line":7,"column":43}},"6":{"start":{"line":9,"column":0},"end":{"line":9,"column":27}},"7":{"start":{"line":10,"column":0},"end":{"line":10,"column":51}},"8":{"start":{"line":12,"column":0},"end":{"line":12,"column":43}},"9":{"start":{"line":14,"column":0},"end":{"line":14,"column":49}},"10":{"start":{"line":16,"column":0},"end":{"line":16,"column":69}},"11":{"start":{"line":18,"column":0},"end":{"line":18,"column":48}},"12":{"start":{"line":20,"column":0},"end":{"line":20,"column":51}},"13":{"start":{"line":22,"column":0},"end":{"line":22,"column":24}}},"fnMap":{},"branchMap":{},"s":{"0":1,"1":1,"2":1,"3":1,"4":1,"5":1,"6":1,"7":1,"8":1,"9":1,"10":1,"11":1,"12":1,"13":1},"f":{},"b":{},"_coverageSchema":"1a1c01bbd47fc00a2c39e90264f33305004495a9","hash":"18d819217073d09c2f16d2ad960e476f831c805e"}
,"E:\\Projects\\mern-ds-technical-test\\server\\utils\\constants.js": {"path":"E:\\Projects\\mern-ds-technical-test\\server\\utils\\constants.js","statementMap":{"0":{"start":{"line":1,"column":23},"end":{"line":1,"column":27}},"1":{"start":{"line":2,"column":28},"end":{"line":2,"column":33}},"2":{"start":{"line":3,"column":27},"end":{"line":5,"column":1}},"3":{"start":{"line":7,"column":0},"end":{"line":11,"column":2}}},"fnMap":{},"branchMap":{},"s":{"0":1,"1":1,"2":1,"3":1},"f":{},"b":{},"_coverageSchema":"1a1c01bbd47fc00a2c39e90264f33305004495a9","hash":"ac9c739d960f31b667e250dfcb50105e72042068"}
,"E:\\Projects\\mern-ds-technical-test\\server\\utils\\error-handler.js": {"path":"E:\\Projects\\mern-ds-technical-test\\server\\utils\\error-handler.js","statementMap":{"0":{"start":{"line":1,"column":52},"end":{"line":1,"column":74}},"1":{"start":{"line":3,"column":28},"end":{"line":9,"column":1}},"2":{"start":{"line":4,"column":22},"end":{"line":4,"column":55}},"3":{"start":{"line":5,"column":19},"end":{"line":5,"column":30}},"4":{"start":{"line":6,"column":2},"end":{"line":8,"column":3}},"5":{"start":{"line":7,"column":4},"end":{"line":7,"column":104}},"6":{"start":{"line":11,"column":23},"end":{"line":14,"column":1}},"7":{"start":{"line":12,"column":22},"end":{"line":12,"column":38}},"8":{"start":{"line":13,"column":2},"end":{"line":13,"column":50}},"9":{"start":{"line":16,"column":21},"end":{"line":24,"column":1}},"10":{"start":{"line":17,"column":2},"end":{"line":17,"column":19}},"11":{"start":{"line":18,"column":2},"end":{"line":22,"column":3}},"12":{"start":{"line":19,"column":4},"end":{"line":19,"column":36}},"13":{"start":{"line":20,"column":38},"end":{"line":20,"column":62}},"14":{"start":{"line":21,"column":4},"end":{"line":21,"column":61}},"15":{"start":{"line":23,"column":2},"end":{"line":23,"column":46}},"16":{"start":{"line":26,"column":0},"end":{"line":26,"column":30}}},"fnMap":{"0":{"name":"(anonymous_0)","decl":{"start":{"line":3,"column":28},"end":{"line":3,"column":29}},"loc":{"start":{"line":3,"column":39},"end":{"line":9,"column":1}},"line":3},"1":{"name":"(anonymous_1)","decl":{"start":{"line":11,"column":23},"end":{"line":11,"column":24}},"loc":{"start":{"line":11,"column":32},"end":{"line":14,"column":1}},"line":11},"2":{"name":"(anonymous_2)","decl":{"start":{"line":16,"column":21},"end":{"line":16,"column":22}},"loc":{"start":{"line":16,"column":40},"end":{"line":24,"column":1}},"line":16}},"branchMap":{"0":{"loc":{"start":{"line":6,"column":2},"end":{"line":8,"column":3}},"type":"if","locations":[{"start":{"line":6,"column":2},"end":{"line":8,"column":3}},{"start":{},"end":{}}],"line":6},"1":{"loc":{"start":{"line":18,"column":2},"end":{"line":22,"column":3}},"type":"if","locations":[{"start":{"line":18,"column":2},"end":{"line":22,"column":3}},{"start":{},"end":{}}],"line":18}},"s":{"0":1,"1":1,"2":0,"3":0,"4":0,"5":0,"6":1,"7":0,"8":0,"9":1,"10":0,"11":0,"12":0,"13":0,"14":0,"15":0,"16":1},"f":{"0":0,"1":0,"2":0},"b":{"0":[0,0],"1":[0,0]},"_coverageSchema":"1a1c01bbd47fc00a2c39e90264f33305004495a9","hash":"5bf474c33d652479a4d7ee133d67e7c0385c6d00"}
,"E:\\Projects\\mern-ds-technical-test\\server\\utils\\token.js": {"path":"E:\\Projects\\mern-ds-technical-test\\server\\utils\\token.js","statementMap":{"0":{"start":{"line":1,"column":12},"end":{"line":1,"column":35}},"1":{"start":{"line":3,"column":14},"end":{"line":16,"column":1}},"2":{"start":{"line":5,"column":4},"end":{"line":10,"column":62}},"3":{"start":{"line":13,"column":18},"end":{"line":13,"column":57}},"4":{"start":{"line":14,"column":4},"end":{"line":14,"column":53}},"5":{"start":{"line":18,"column":0},"end":{"line":18,"column":23}}},"fnMap":{"0":{"name":"(anonymous_0)","decl":{"start":{"line":4,"column":7},"end":{"line":4,"column":8}},"loc":{"start":{"line":4,"column":43},"end":{"line":11,"column":3}},"line":4},"1":{"name":"(anonymous_1)","decl":{"start":{"line":12,"column":21},"end":{"line":12,"column":22}},"loc":{"start":{"line":12,"column":30},"end":{"line":15,"column":3}},"line":12}},"branchMap":{"0":{"loc":{"start":{"line":4,"column":17},"end":{"line":4,"column":38}},"type":"default-arg","locations":[{"start":{"line":4,"column":34},"end":{"line":4,"column":38}}],"line":4}},"s":{"0":1,"1":1,"2":0,"3":0,"4":0,"5":1},"f":{"0":0,"1":0},"b":{"0":[0]},"_coverageSchema":"1a1c01bbd47fc00a2c39e90264f33305004495a9","hash":"70d515f7701be97c124a6ee94a694d879b7164bb"}
}
